# INT. THE ROOM IN THE ST. CHARLES HOTEL - NIGHT
EXT. A WOODS ALONG THE POTOMAC RIVER - MORNING
INT. LINCOLN'S OFFICE, WHITE HOUSE - EARLY EVENING
EXT. IN AN OPEN FIELD NEAR PETERSBURG, VIRGINIA - EVENING
INT. LINCOLN'S OFFICE, WHITE HOUSE - EARLY EVENING
INT. INSIDE THE AMBULANCE WAGON - DAY
CITY POINT, VIRGINIA
INT. LINCOLN'S BEDROOM, SECOND FLOOR OF THE WHITE HOUSE -
INT. THE PRINCE OF WALES BEDROOM - CONTINUOUS
INT. THE EAST ROOM, WHITE HOUSE - LATE AFTERNOON
INT. THE WHITE HOUSE KITCHEN - EVENING
INT. MARY'S BOUDOIR, THE WHITE HOUSE - NIGHT
INT. THE TELEGRAPH OFFICE, WAR DEPARTMENT - LATE NIGHT
INT. THE HOUSE CHAMBER - DAY
ASA VINTNER LITTON
INT. AN EMPTY COMMITTEE ROOM, THE CAPITOL - DAY
EXT. A WOODS ALONG THE POTOMAC RIVER - MORNING
EXT. IN A BACK ALLEY, SOMEWHERE IN WASHINGTON - AFTERNOON
EXT. A STREET IN GEORGETOWN - NIGHT
EXT. IN A BACK ALLEY, SOMEWHERE IN WASHINGTON - AFTERNOON
EXT. THE JAMES RIVER DOCK AT CITY POINT, VIRGINIA - DAY
INT. THE RIVER QUEEN SALOON, CITY POINT, VIRGINIA - DAY
EXT. THE JAMES RIVER DOCK AT CITY POINT, VIRGINIA - DAY
INT. SEWARD MANSION, LAFAYETTE SQUARE, WASHINGTON - NIGHT
INT. HALLWAY, THE WHITE HOUSE - LATE NIGHT
INT. LINCOLN'S OFFICE, WHITE HOUSE - LATE NIGHT
INT. JOHN HAY AND JOHN NICOLAY'S BEDROOM - EVEN LATER
INT. HALLWAY, THE WHITE HOUSE - LATE NIGHT
INT. THE TELEGRAPH ROOM, WAR DEPARTMENT - PRE-DAWN
INT. HOUSE CHAMBER, THE CAPITOL - LATE MORNING
INT. HOUSE CHAMBER, THE CAPITOL - LATER
INT. A CORRIDOR OUTSIDE THE HOUSE CHAMBER - LATER
ASA VINTNER LITTON
ASA VINTNER LITTON (CONT'D)
EXT. THE STREETS OF WASHINGTON - MORNING
INT. ARMY HOSPITAL - MORNING
EXT. OUTSIDE THE ARMY HOSPITAL - MORNING
INT. MARY'S BOUDOIR, SECOND FLOOR OF THE WHITE HOUSE - NIGHT
INT. ODD FELLOWS' HALL, WASHINGTON - NIGHT
EXT. THE PORTICO OF THE WHITE HOUSE - A SHORT WHILE LATER
INT. A BEDROOM IN THE ST. CHARLES HOTEL - LATE NIGHT
INT. THADDEUS STEVENS'S OFFICE, THE CAPITOL - NIGHT
INT. A BEDROOM IN THE ST. CHARLES HOTEL - LATE NIGHT
INT. SEWARD'S OFFICE, STATE DEPARTMENT - DAY
EXT. A WORKING CLASS NEIGHBORHOOD IN WASHINGTON - NIGHT
INT. LINCOLN'S OFFICE - NIGHT
INT. THE HOUSE CHAMBER - DAWN
INT. THE HOUSE CHAMBER - MORNING, SEVERAL HOURS LATER
ASA VINTNER LITTON
EXT. OUTSIDE THE CAPITOL - AFTERNOON
INT/EXT. WHITE HOUSE PORTICO, FOYER, STAIRS - AFTERNOON
INT. LINCOLN'S OFFICE, THE WHITE HOUSE - AFTERNOON
INT. THE HOUSE CHAMBER AND BALCONY - AFTERNOON
ASA VINTNER LITTON
INT. LINCOLN'S OFFICE, THE WHITE HOUSE - AFTERNOON
INT/EXT. ROTUNDA AND FRONT DOOR OF THE CAPITOL - AFTERNOON
INT. GRANT'S TELEGRAPH ROOM AT CITY POINT - AFTERNOON
INT. THE HOUSE CHAMBER AND BALCONY - AFTERNOON
INT. GRANT'S TELEGRAPH ROOM AT CITY POINT - AFTERNOON
INT. THE HOUSE CHAMBER AND BALCONY - AFTERNOON
INT. LINCOLN'S OFFICE, THE WHITE HOUSE - AFTERNOON
INT. THE HOUSE CHAMBER AND BALCONY - AFTERNOON
INT. LINCOLN'S OFFICE, THE WHITE HOUSE - AFTERNOON
INT. THE HOUSE CHAMBER, THE CAPITOL - LATE AFTERNOON
EXT. A STREET, WASHINGTON - DUSK
INT. THADDEUS STEVENS'S HOUSE - NIGHT
INT. THE BEDROOM IN THADDEUS STEVENS'S HOUSE - NIGHT
INT./EXT. THE DOCK AT FORTRESS MONROE, HAMPTON ROADS,
INT. THE SALOON ON BOARD THE RIVER QUEEN, HAMPTON ROADS,
EXT. A CITY ON A SOUTHERN RIVER - NIGHT
EXT. SIEGE LINES BEFORE PETERSBURG, VIRGINIA - MORNING
EXT. THE THOMAS WALLACE HOUSE, GRANT'S TEMPORARY
EXT. THE MCLEAN HOUSE, APPOMATTOX COURT HOUSE, VIRGINIA -
EXT. A BUGGY RIDE THROUGH WASHINGTON - AFTERNOON
INT. LINCOLN'S OFFICE - EVENING
INT. AN EMPTY CORRIDOR, SECOND FLOOR OF THE WHITE HOUSE -
INT. A THEATER - NIGHT
INT. THE BEDROOM IN PETERSON'S BOARDING HOUSE - MORNING
EXT. THE EAST PORTICO OF THE CAPITOL - NOON
